[2022-10-11T19:14:15.574+0000] {processor.py:156} INFO - Started process (PID=67) to work on /home/airflow/.local/lib/python3.7/site-packages/airflow/example_dags/example_datasets.py
[2022-10-11T19:14:15.576+0000] {processor.py:758} INFO - Processing file /home/airflow/.local/lib/python3.7/site-packages/airflow/example_dags/example_datasets.py for tasks to queue
[2022-10-11T19:14:15.591+0000] {logging_mixin.py:117} INFO - [2022-10-11T19:14:15.591+0000] {dagbag.py:525} INFO - Filling up the DagBag from /home/airflow/.local/lib/python3.7/site-packages/airflow/example_dags/example_datasets.py
[2022-10-11T19:14:15.837+0000] {processor.py:768} INFO - DAG(s) dict_keys(['dataset_consumes_unknown_never_scheduled', 'dataset_produces_2', 'dataset_produces_1', 'dataset_consumes_1_never_scheduled', 'dataset_consumes_1_and_2', 'dataset_consumes_1']) retrieved from /home/airflow/.local/lib/python3.7/site-packages/airflow/example_dags/example_datasets.py
[2022-10-11T19:14:16.531+0000] {logging_mixin.py:117} INFO - [2022-10-11T19:14:16.530+0000] {dag.py:2573} INFO - Sync 6 DAGs
[2022-10-11T19:14:16.673+0000] {logging_mixin.py:117} INFO - [2022-10-11T19:14:16.673+0000] {dag.py:3328} INFO - Setting next_dagrun for dataset_consumes_1 to None, run_after=None
[2022-10-11T19:14:16.702+0000] {logging_mixin.py:117} INFO - [2022-10-11T19:14:16.701+0000] {dag.py:3328} INFO - Setting next_dagrun for dataset_consumes_1_and_2 to None, run_after=None
[2022-10-11T19:14:16.706+0000] {logging_mixin.py:117} INFO - [2022-10-11T19:14:16.706+0000] {dag.py:3328} INFO - Setting next_dagrun for dataset_consumes_1_never_scheduled to None, run_after=None
[2022-10-11T19:14:16.710+0000] {logging_mixin.py:117} INFO - [2022-10-11T19:14:16.710+0000] {dag.py:3328} INFO - Setting next_dagrun for dataset_consumes_unknown_never_scheduled to None, run_after=None
[2022-10-11T19:14:16.746+0000] {logging_mixin.py:117} INFO - [2022-10-11T19:14:16.746+0000] {dag.py:3328} INFO - Setting next_dagrun for dataset_produces_1 to 2022-10-10T00:00:00+00:00, run_after=2022-10-11T00:00:00+00:00
[2022-10-11T19:14:16.753+0000] {logging_mixin.py:117} INFO - [2022-10-11T19:14:16.752+0000] {dag.py:3328} INFO - Setting next_dagrun for dataset_produces_2 to None, run_after=None
[2022-10-11T19:14:16.994+0000] {processor.py:178} INFO - Processing /home/airflow/.local/lib/python3.7/site-packages/airflow/example_dags/example_datasets.py took 1.463 seconds
[2022-10-11T19:14:47.450+0000] {processor.py:156} INFO - Started process (PID=123) to work on /home/airflow/.local/lib/python3.7/site-packages/airflow/example_dags/example_datasets.py
[2022-10-11T19:14:47.454+0000] {processor.py:758} INFO - Processing file /home/airflow/.local/lib/python3.7/site-packages/airflow/example_dags/example_datasets.py for tasks to queue
[2022-10-11T19:14:47.456+0000] {logging_mixin.py:117} INFO - [2022-10-11T19:14:47.456+0000] {dagbag.py:525} INFO - Filling up the DagBag from /home/airflow/.local/lib/python3.7/site-packages/airflow/example_dags/example_datasets.py
[2022-10-11T19:14:47.558+0000] {processor.py:768} INFO - DAG(s) dict_keys(['dataset_produces_1', 'dataset_consumes_unknown_never_scheduled', 'dataset_produces_2', 'dataset_consumes_1_and_2', 'dataset_consumes_1_never_scheduled', 'dataset_consumes_1']) retrieved from /home/airflow/.local/lib/python3.7/site-packages/airflow/example_dags/example_datasets.py
[2022-10-11T19:14:47.784+0000] {logging_mixin.py:117} INFO - [2022-10-11T19:14:47.782+0000] {dag.py:2573} INFO - Sync 6 DAGs
[2022-10-11T19:14:48.261+0000] {logging_mixin.py:117} INFO - [2022-10-11T19:14:48.260+0000] {dag.py:3328} INFO - Setting next_dagrun for dataset_consumes_1 to None, run_after=None
[2022-10-11T19:14:48.303+0000] {logging_mixin.py:117} INFO - [2022-10-11T19:14:48.303+0000] {dag.py:3328} INFO - Setting next_dagrun for dataset_consumes_1_and_2 to None, run_after=None
[2022-10-11T19:14:48.329+0000] {logging_mixin.py:117} INFO - [2022-10-11T19:14:48.329+0000] {dag.py:3328} INFO - Setting next_dagrun for dataset_consumes_1_never_scheduled to None, run_after=None
[2022-10-11T19:14:48.332+0000] {logging_mixin.py:117} INFO - [2022-10-11T19:14:48.331+0000] {dag.py:3328} INFO - Setting next_dagrun for dataset_consumes_unknown_never_scheduled to None, run_after=None
[2022-10-11T19:14:48.414+0000] {logging_mixin.py:117} INFO - [2022-10-11T19:14:48.400+0000] {dag.py:3328} INFO - Setting next_dagrun for dataset_produces_1 to 2022-10-10T00:00:00+00:00, run_after=2022-10-11T00:00:00+00:00
[2022-10-11T19:14:48.417+0000] {logging_mixin.py:117} INFO - [2022-10-11T19:14:48.417+0000] {dag.py:3328} INFO - Setting next_dagrun for dataset_produces_2 to None, run_after=None
[2022-10-11T19:14:49.344+0000] {processor.py:178} INFO - Processing /home/airflow/.local/lib/python3.7/site-packages/airflow/example_dags/example_datasets.py took 1.899 seconds
[2022-10-11T19:15:20.193+0000] {processor.py:156} INFO - Started process (PID=179) to work on /home/airflow/.local/lib/python3.7/site-packages/airflow/example_dags/example_datasets.py
[2022-10-11T19:15:20.219+0000] {processor.py:758} INFO - Processing file /home/airflow/.local/lib/python3.7/site-packages/airflow/example_dags/example_datasets.py for tasks to queue
[2022-10-11T19:15:20.220+0000] {logging_mixin.py:117} INFO - [2022-10-11T19:15:20.220+0000] {dagbag.py:525} INFO - Filling up the DagBag from /home/airflow/.local/lib/python3.7/site-packages/airflow/example_dags/example_datasets.py
[2022-10-11T19:15:20.258+0000] {processor.py:768} INFO - DAG(s) dict_keys(['dataset_consumes_1_never_scheduled', 'dataset_consumes_unknown_never_scheduled', 'dataset_consumes_1', 'dataset_produces_2', 'dataset_produces_1', 'dataset_consumes_1_and_2']) retrieved from /home/airflow/.local/lib/python3.7/site-packages/airflow/example_dags/example_datasets.py
[2022-10-11T19:15:20.355+0000] {logging_mixin.py:117} INFO - [2022-10-11T19:15:20.355+0000] {dag.py:2573} INFO - Sync 6 DAGs
[2022-10-11T19:15:20.640+0000] {logging_mixin.py:117} INFO - [2022-10-11T19:15:20.640+0000] {dag.py:3328} INFO - Setting next_dagrun for dataset_consumes_1 to None, run_after=None
[2022-10-11T19:15:20.697+0000] {logging_mixin.py:117} INFO - [2022-10-11T19:15:20.697+0000] {dag.py:3328} INFO - Setting next_dagrun for dataset_consumes_1_and_2 to None, run_after=None
[2022-10-11T19:15:20.703+0000] {logging_mixin.py:117} INFO - [2022-10-11T19:15:20.702+0000] {dag.py:3328} INFO - Setting next_dagrun for dataset_consumes_1_never_scheduled to None, run_after=None
[2022-10-11T19:15:20.706+0000] {logging_mixin.py:117} INFO - [2022-10-11T19:15:20.705+0000] {dag.py:3328} INFO - Setting next_dagrun for dataset_consumes_unknown_never_scheduled to None, run_after=None
[2022-10-11T19:15:20.740+0000] {logging_mixin.py:117} INFO - [2022-10-11T19:15:20.739+0000] {dag.py:3328} INFO - Setting next_dagrun for dataset_produces_1 to 2022-10-10T00:00:00+00:00, run_after=2022-10-11T00:00:00+00:00
[2022-10-11T19:15:20.748+0000] {logging_mixin.py:117} INFO - [2022-10-11T19:15:20.748+0000] {dag.py:3328} INFO - Setting next_dagrun for dataset_produces_2 to None, run_after=None
[2022-10-11T19:15:20.884+0000] {processor.py:178} INFO - Processing /home/airflow/.local/lib/python3.7/site-packages/airflow/example_dags/example_datasets.py took 0.696 seconds
[2022-10-11T19:15:50.971+0000] {processor.py:156} INFO - Started process (PID=243) to work on /home/airflow/.local/lib/python3.7/site-packages/airflow/example_dags/example_datasets.py
[2022-10-11T19:15:50.978+0000] {processor.py:758} INFO - Processing file /home/airflow/.local/lib/python3.7/site-packages/airflow/example_dags/example_datasets.py for tasks to queue
[2022-10-11T19:15:50.980+0000] {logging_mixin.py:117} INFO - [2022-10-11T19:15:50.979+0000] {dagbag.py:525} INFO - Filling up the DagBag from /home/airflow/.local/lib/python3.7/site-packages/airflow/example_dags/example_datasets.py
[2022-10-11T19:15:51.014+0000] {processor.py:768} INFO - DAG(s) dict_keys(['dataset_consumes_1_and_2', 'dataset_produces_2', 'dataset_produces_1', 'dataset_consumes_1_never_scheduled', 'dataset_consumes_unknown_never_scheduled', 'dataset_consumes_1']) retrieved from /home/airflow/.local/lib/python3.7/site-packages/airflow/example_dags/example_datasets.py
[2022-10-11T19:15:51.156+0000] {logging_mixin.py:117} INFO - [2022-10-11T19:15:51.155+0000] {dag.py:2573} INFO - Sync 6 DAGs
[2022-10-11T19:15:51.208+0000] {logging_mixin.py:117} INFO - [2022-10-11T19:15:51.207+0000] {dag.py:3328} INFO - Setting next_dagrun for dataset_consumes_1 to None, run_after=None
[2022-10-11T19:15:51.226+0000] {logging_mixin.py:117} INFO - [2022-10-11T19:15:51.226+0000] {dag.py:3328} INFO - Setting next_dagrun for dataset_consumes_1_and_2 to None, run_after=None
[2022-10-11T19:15:51.229+0000] {logging_mixin.py:117} INFO - [2022-10-11T19:15:51.229+0000] {dag.py:3328} INFO - Setting next_dagrun for dataset_consumes_1_never_scheduled to None, run_after=None
[2022-10-11T19:15:51.232+0000] {logging_mixin.py:117} INFO - [2022-10-11T19:15:51.232+0000] {dag.py:3328} INFO - Setting next_dagrun for dataset_consumes_unknown_never_scheduled to None, run_after=None
[2022-10-11T19:15:51.245+0000] {logging_mixin.py:117} INFO - [2022-10-11T19:15:51.245+0000] {dag.py:3328} INFO - Setting next_dagrun for dataset_produces_1 to 2022-10-10T00:00:00+00:00, run_after=2022-10-11T00:00:00+00:00
[2022-10-11T19:15:51.248+0000] {logging_mixin.py:117} INFO - [2022-10-11T19:15:51.248+0000] {dag.py:3328} INFO - Setting next_dagrun for dataset_produces_2 to None, run_after=None
[2022-10-11T19:15:51.436+0000] {processor.py:178} INFO - Processing /home/airflow/.local/lib/python3.7/site-packages/airflow/example_dags/example_datasets.py took 0.471 seconds
[2022-10-11T19:16:22.207+0000] {processor.py:156} INFO - Started process (PID=298) to work on /home/airflow/.local/lib/python3.7/site-packages/airflow/example_dags/example_datasets.py
[2022-10-11T19:16:22.208+0000] {processor.py:758} INFO - Processing file /home/airflow/.local/lib/python3.7/site-packages/airflow/example_dags/example_datasets.py for tasks to queue
[2022-10-11T19:16:22.209+0000] {logging_mixin.py:117} INFO - [2022-10-11T19:16:22.209+0000] {dagbag.py:525} INFO - Filling up the DagBag from /home/airflow/.local/lib/python3.7/site-packages/airflow/example_dags/example_datasets.py
[2022-10-11T19:16:22.234+0000] {processor.py:768} INFO - DAG(s) dict_keys(['dataset_produces_2', 'dataset_consumes_1', 'dataset_produces_1', 'dataset_consumes_1_and_2', 'dataset_consumes_unknown_never_scheduled', 'dataset_consumes_1_never_scheduled']) retrieved from /home/airflow/.local/lib/python3.7/site-packages/airflow/example_dags/example_datasets.py
[2022-10-11T19:16:22.327+0000] {logging_mixin.py:117} INFO - [2022-10-11T19:16:22.326+0000] {dag.py:2573} INFO - Sync 6 DAGs
[2022-10-11T19:16:22.368+0000] {logging_mixin.py:117} INFO - [2022-10-11T19:16:22.367+0000] {dag.py:3328} INFO - Setting next_dagrun for dataset_consumes_1 to None, run_after=None
[2022-10-11T19:16:22.374+0000] {logging_mixin.py:117} INFO - [2022-10-11T19:16:22.374+0000] {dag.py:3328} INFO - Setting next_dagrun for dataset_consumes_1_and_2 to None, run_after=None
[2022-10-11T19:16:22.377+0000] {logging_mixin.py:117} INFO - [2022-10-11T19:16:22.377+0000] {dag.py:3328} INFO - Setting next_dagrun for dataset_consumes_1_never_scheduled to None, run_after=None
[2022-10-11T19:16:22.379+0000] {logging_mixin.py:117} INFO - [2022-10-11T19:16:22.379+0000] {dag.py:3328} INFO - Setting next_dagrun for dataset_consumes_unknown_never_scheduled to None, run_after=None
[2022-10-11T19:16:22.386+0000] {logging_mixin.py:117} INFO - [2022-10-11T19:16:22.385+0000] {dag.py:3328} INFO - Setting next_dagrun for dataset_produces_1 to 2022-10-10T00:00:00+00:00, run_after=2022-10-11T00:00:00+00:00
[2022-10-11T19:16:22.388+0000] {logging_mixin.py:117} INFO - [2022-10-11T19:16:22.388+0000] {dag.py:3328} INFO - Setting next_dagrun for dataset_produces_2 to None, run_after=None
[2022-10-11T19:16:22.462+0000] {processor.py:178} INFO - Processing /home/airflow/.local/lib/python3.7/site-packages/airflow/example_dags/example_datasets.py took 0.258 seconds
